2021-08-31 15:14:55,985 :INFO : test_VelidateSortedData :Default webTable data without filter: [['Man in the Middle', '95k', '8.12', 'high'], ['Password attack', '32.85M', '5', 'low'], ['Phishing', '25.12M', '7.18', 'low'], ['Session hijack', '9024', '5.79', 'high'], ['SQL Injection', '1.25M', '10.21', 'medium'], ['XSS', '29850', '2.19', 'low']]
2021-08-31 15:14:55,985 :INFO : test_VelidateSortedData :selectColumn: Complexity
2021-08-31 15:14:56,136 :INFO : test_VelidateSortedData :WebTable headers: ['NAME', 'NUMBER OF CASES', 'AVERAGE IMPACT SCORE', 'COMPLEXITY']
2021-08-31 15:14:56,137 :INFO : test_VelidateSortedData :get Sorted Column Index: 3
2021-08-31 15:16:43,022 :INFO : test_VelidateSortedData :Default webTable data without filter: [['Man in the Middle', '95k', '8.12', 'high'], ['Password attack', '32.85M', '5', 'low'], ['Phishing', '25.12M', '7.18', 'low'], ['Session hijack', '9024', '5.79', 'high'], ['SQL Injection', '1.25M', '10.21', 'medium'], ['XSS', '29850', '2.19', 'low']]
2021-08-31 15:16:43,022 :INFO : test_VelidateSortedData :selectColumn: Complexity
2021-08-31 15:16:43,166 :INFO : test_VelidateSortedData :WebTable headers: ['NAME', 'NUMBER OF CASES', 'AVERAGE IMPACT SCORE', 'COMPLEXITY']
2021-08-31 15:16:43,167 :INFO : test_VelidateSortedData :get Sorted Column Index: 3
2021-08-31 15:16:43,167 :INFO : test_VelidateSortedData :get default data after sort for give column: [['Password attack', '32.85M', '5', 'low'], ['Phishing', '25.12M', '7.18', 'low'], ['XSS', '29850', '2.19', 'low'], ['SQL Injection', '1.25M', '10.21', 'medium'], ['Man in the Middle', '95k', '8.12', 'high'], ['Session hijack', '9024', '5.79', 'high']]
2021-08-31 15:16:43,253 :INFO : test_VelidateSortedData :WebTable Data after apply the selection from dropdown : [['XSS', '29850', '2.19', 'low'], ['Phishing', '25.12M', '7.18', 'low'], ['Password attack', '32.85M', '5', 'low'], ['SQL Injection', '1.25M', '10.21', 'medium'], ['Session hijack', '9024', '5.79', 'high'], ['Man in the Middle', '95k', '8.12', 'high']]
2021-08-31 15:23:50,927 :INFO : test_VelidateSortedData :Default webTable data without filter: [['Man in the Middle', '95k', '8.12', 'high'], ['Password attack', '32.85M', '5', 'low'], ['Phishing', '25.12M', '7.18', 'low'], ['Session hijack', '9024', '5.79', 'high'], ['SQL Injection', '1.25M', '10.21', 'medium'], ['XSS', '29850', '2.19', 'low']]
2021-08-31 15:23:50,927 :INFO : test_VelidateSortedData :selectColumn: Complexity
2021-08-31 15:23:51,075 :INFO : test_VelidateSortedData :WebTable headers: ['NAME', 'NUMBER OF CASES', 'AVERAGE IMPACT SCORE', 'COMPLEXITY']
2021-08-31 15:23:51,075 :INFO : test_VelidateSortedData :get Sorted Column Index: 3
2021-08-31 15:23:51,076 :INFO : test_VelidateSortedData :get default data after sort for give column: [['Man in the Middle', '95k', '8.12', 'high'], ['Session hijack', '9024', '5.79', 'high'], ['SQL Injection', '1.25M', '10.21', 'medium'], ['Password attack', '32.85M', '5', 'low'], ['Phishing', '25.12M', '7.18', 'low'], ['XSS', '29850', '2.19', 'low']]
2021-08-31 15:23:51,163 :INFO : test_VelidateSortedData :WebTable Data after apply the selection from dropdown : [['XSS', '29850', '2.19', 'low'], ['Phishing', '25.12M', '7.18', 'low'], ['Password attack', '32.85M', '5', 'low'], ['SQL Injection', '1.25M', '10.21', 'medium'], ['Session hijack', '9024', '5.79', 'high'], ['Man in the Middle', '95k', '8.12', 'high']]
2021-08-31 15:24:51,199 :INFO : test_VelidateSortedData :Default webTable data without filter: [['Man in the Middle', '95k', '8.12', 'high'], ['Password attack', '32.85M', '5', 'low'], ['Phishing', '25.12M', '7.18', 'low'], ['Session hijack', '9024', '5.79', 'high'], ['SQL Injection', '1.25M', '10.21', 'medium'], ['XSS', '29850', '2.19', 'low']]
2021-08-31 15:24:51,199 :INFO : test_VelidateSortedData :selectColumn: Complexity
2021-08-31 15:24:51,344 :INFO : test_VelidateSortedData :WebTable headers: ['NAME', 'NUMBER OF CASES', 'AVERAGE IMPACT SCORE', 'COMPLEXITY']
2021-08-31 15:24:51,345 :INFO : test_VelidateSortedData :get Sorted Column Index: 3
2021-08-31 15:24:51,345 :INFO : test_VelidateSortedData :get default data after sort for give column: [['Password attack', '32.85M', '5', 'low'], ['Phishing', '25.12M', '7.18', 'low'], ['XSS', '29850', '2.19', 'low'], ['SQL Injection', '1.25M', '10.21', 'medium'], ['Man in the Middle', '95k', '8.12', 'high'], ['Session hijack', '9024', '5.79', 'high']]
2021-08-31 15:24:51,431 :INFO : test_VelidateSortedData :WebTable Data after apply the selection from dropdown : [['XSS', '29850', '2.19', 'low'], ['Phishing', '25.12M', '7.18', 'low'], ['Password attack', '32.85M', '5', 'low'], ['SQL Injection', '1.25M', '10.21', 'medium'], ['Session hijack', '9024', '5.79', 'high'], ['Man in the Middle', '95k', '8.12', 'high']]
2021-08-31 16:13:25,091 :INFO : test_VelidateSortedData :Default webTable data without filter: [['Man in the Middle', '95k', '8.12', 'high'], ['Password attack', '32.85M', '5', 'low'], ['Phishing', '25.12M', '7.18', 'low'], ['Session hijack', '9024', '5.79', 'high'], ['SQL Injection', '1.25M', '10.21', 'medium'], ['XSS', '29850', '2.19', 'low']]
2021-08-31 16:13:25,134 :INFO : test_VelidateSortedData :selectColumn: Number of cases
2021-08-31 16:13:25,297 :INFO : test_VelidateSortedData :WebTable headers: ['NAME', 'NUMBER OF CASES', 'AVERAGE IMPACT SCORE', 'COMPLEXITY']
2021-08-31 16:13:25,297 :INFO : test_VelidateSortedData :get Sorted Column Index: 1
2021-08-31 16:13:25,298 :INFO : test_VelidateSortedData :get default data after sort for give column: [['Session hijack', 9024, '5.79', 'high'], ['XSS', 29850, '2.19', 'low'], ['Man in the Middle', 95000.0, '8.12', 'high'], ['SQL Injection', 1250000.0, '10.21', 'medium'], ['Phishing', 25120000.0, '7.18', 'low'], ['Password attack', 32850000.0, '5', 'low']]
2021-08-31 16:13:25,548 :INFO : test_VelidateSortedData :WebTable Data after apply the selection from dropdown : [['Session hijack', '9024', '5.79', 'high'], ['XSS', '29850', '2.19', 'low'], ['Man in the Middle', '95k', '8.12', 'high'], ['SQL Injection', '1.25M', '10.21', 'medium'], ['Phishing', '25.12M', '7.18', 'low'], ['Password attack', '32.85M', '5', 'low']]
2021-08-31 16:13:25,549 :INFO : test_VelidateSortedData :True
2021-08-31 16:13:25,549 :INFO : test_VelidateSortedData :WebTable Data After the Formatting for NUMBER OF CASES: [['Session hijack', 9024, '5.79', 'high'], ['XSS', 29850, '2.19', 'low'], ['Man in the Middle', 95000.0, '8.12', 'high'], ['SQL Injection', 1250000.0, '10.21', 'medium'], ['Phishing', 25120000.0, '7.18', 'low'], ['Password attack', 32850000.0, '5', 'low']]
2021-08-31 16:15:49,011 :INFO : test_VelidateSortedData :Default webTable data without filter: [['Man in the Middle', '95k', '8.12', 'high'], ['Password attack', '32.85M', '5', 'low'], ['Phishing', '25.12M', '7.18', 'low'], ['Session hijack', '9024', '5.79', 'high'], ['SQL Injection', '1.25M', '10.21', 'medium'], ['XSS', '29850', '2.19', 'low']]
2021-08-31 16:15:49,058 :INFO : test_VelidateSortedData :selectColumn: Number of cases
2021-08-31 16:15:49,295 :INFO : test_VelidateSortedData :WebTable headers: ['NAME', 'NUMBER OF CASES', 'AVERAGE IMPACT SCORE', 'COMPLEXITY']
2021-08-31 16:15:49,296 :INFO : test_VelidateSortedData :get Sorted Column Index: 1
2021-08-31 16:15:49,296 :INFO : test_VelidateSortedData :get default data after sort for give column: [['Session hijack', 9024, '5.79', 'high'], ['XSS', 29850, '2.19', 'low'], ['Man in the Middle', 95000.0, '8.12', 'high'], ['SQL Injection', 1250000.0, '10.21', 'medium'], ['Phishing', 25120000.0, '7.18', 'low'], ['Password attack', 32850000.0, '5', 'low']]
2021-08-31 16:15:49,384 :INFO : test_VelidateSortedData :WebTable Data after apply the selection from dropdown : [['Session hijack', '9024', '5.79', 'high'], ['XSS', '29850', '2.19', 'low'], ['Man in the Middle', '95k', '8.12', 'high'], ['SQL Injection', '1.25M', '10.21', 'medium'], ['Phishing', '25.12M', '7.18', 'low'], ['Password attack', '32.85M', '5', 'low']]
2021-08-31 16:15:49,384 :INFO : test_VelidateSortedData :True
2021-08-31 16:15:49,384 :INFO : test_VelidateSortedData :WebTable Data After the Formatting for NUMBER OF CASES: [['Session hijack', 9024, '5.79', 'high'], ['XSS', 29850, '2.19', 'low'], ['Man in the Middle', 95000.0, '8.12', 'high'], ['SQL Injection', 1250000.0, '10.21', 'medium'], ['Phishing', 25120000.0, '7.18', 'low'], ['Password attack', 32850000.0, '5', 'low']]
2021-08-31 16:17:36,839 :INFO : test_VelidateSortedData :Default webTable data without filter: [['Man in the Middle', '95k', '8.12', 'high'], ['Password attack', '32.85M', '5', 'low'], ['Phishing', '25.12M', '7.18', 'low'], ['Session hijack', '9024', '5.79', 'high'], ['SQL Injection', '1.25M', '10.21', 'medium'], ['XSS', '29850', '2.19', 'low']]
2021-08-31 16:17:36,839 :INFO : test_VelidateSortedData :selectColumn: Complexity
2021-08-31 16:17:36,989 :INFO : test_VelidateSortedData :WebTable headers: ['NAME', 'NUMBER OF CASES', 'AVERAGE IMPACT SCORE', 'COMPLEXITY']
2021-08-31 16:17:36,989 :INFO : test_VelidateSortedData :get Sorted Column Index: 3
2021-08-31 16:17:36,990 :INFO : test_VelidateSortedData :get default data after sort for give column: [['Password attack', '32.85M', '5', 'low'], ['Phishing', '25.12M', '7.18', 'low'], ['XSS', '29850', '2.19', 'low'], ['SQL Injection', '1.25M', '10.21', 'medium'], ['Man in the Middle', '95k', '8.12', 'high'], ['Session hijack', '9024', '5.79', 'high']]
2021-08-31 16:17:37,079 :INFO : test_VelidateSortedData :WebTable Data after apply the selection from dropdown : [['XSS', '29850', '2.19', 'low'], ['Phishing', '25.12M', '7.18', 'low'], ['Password attack', '32.85M', '5', 'low'], ['SQL Injection', '1.25M', '10.21', 'medium'], ['Session hijack', '9024', '5.79', 'high'], ['Man in the Middle', '95k', '8.12', 'high']]
2021-08-31 16:40:07,337 :INFO : test_VelidateSortedData :Default webTable data without filter: [['Man in the Middle', '95k', '8.12', 'high'], ['Password attack', '32.85M', '5', 'low'], ['Phishing', '25.12M', '7.18', 'low'], ['Session hijack', '9024', '5.79', 'high'], ['SQL Injection', '1.25M', '10.21', 'medium'], ['XSS', '29850', '2.19', 'low']]
2021-08-31 16:40:07,389 :INFO : test_VelidateSortedData :selectColumn: Complexity
2021-08-31 16:40:07,530 :INFO : test_VelidateSortedData :WebTable headers: ['NAME', 'NUMBER OF CASES', 'AVERAGE IMPACT SCORE', 'COMPLEXITY']
2021-08-31 16:40:07,530 :INFO : test_VelidateSortedData :get Sorted Column Index: 3
2021-08-31 16:40:07,530 :INFO : test_VelidateSortedData :get default data after sort for give column: [['Password attack', '32.85M', '5', 'low'], ['Phishing', '25.12M', '7.18', 'low'], ['XSS', '29850', '2.19', 'low'], ['SQL Injection', '1.25M', '10.21', 'medium'], ['Man in the Middle', '95k', '8.12', 'high'], ['Session hijack', '9024', '5.79', 'high']]
2021-08-31 16:40:07,608 :INFO : test_VelidateSortedData :WebTable Data after apply the selection from dropdown : [['XSS', '29850', '2.19', 'low'], ['Phishing', '25.12M', '7.18', 'low'], ['Password attack', '32.85M', '5', 'low'], ['SQL Injection', '1.25M', '10.21', 'medium'], ['Session hijack', '9024', '5.79', 'high'], ['Man in the Middle', '95k', '8.12', 'high']]
2021-08-31 17:00:39,678 :INFO : test_VelidateSortedData :Default webTable data without filter: [['Man in the Middle', '95k', '8.12', 'high'], ['Password attack', '32.85M', '5', 'low'], ['Phishing', '25.12M', '7.18', 'low'], ['Session hijack', '9024', '5.79', 'high'], ['SQL Injection', '1.25M', '10.21', 'medium'], ['XSS', '29850', '2.19', 'low']]
2021-08-31 17:00:39,698 :INFO : test_VelidateSortedData :selectColumn: Complexity
2021-08-31 17:00:40,044 :INFO : test_VelidateSortedData :WebTable headers: ['NAME', 'NUMBER OF CASES', 'AVERAGE IMPACT SCORE', 'COMPLEXITY']
2021-08-31 17:00:40,044 :INFO : test_VelidateSortedData :get Sorted Column Index: 3
2021-08-31 17:00:40,044 :INFO : test_VelidateSortedData :get default data after sort for give column: [['Password attack', '32.85M', '5', 'low'], ['Phishing', '25.12M', '7.18', 'low'], ['XSS', '29850', '2.19', 'low'], ['SQL Injection', '1.25M', '10.21', 'medium'], ['Man in the Middle', '95k', '8.12', 'high'], ['Session hijack', '9024', '5.79', 'high']]
2021-08-31 17:00:40,137 :INFO : test_VelidateSortedData :WebTable Data after apply the selection from dropdown : [['XSS', '29850', '2.19', 'low'], ['Phishing', '25.12M', '7.18', 'low'], ['Password attack', '32.85M', '5', 'low'], ['SQL Injection', '1.25M', '10.21', 'medium'], ['Session hijack', '9024', '5.79', 'high'], ['Man in the Middle', '95k', '8.12', 'high']]
2021-08-31 17:11:06,552 :INFO : test_VelidateSortedData :Default webTable data without filter: [['Man in the Middle', '95k', '8.12', 'high'], ['Password attack', '32.85M', '5', 'low'], ['Phishing', '25.12M', '7.18', 'low'], ['Session hijack', '9024', '5.79', 'high'], ['SQL Injection', '1.25M', '10.21', 'medium'], ['XSS', '29850', '2.19', 'low']]
2021-08-31 17:11:06,552 :INFO : test_VelidateSortedData :selectColumn: Complexity
2021-08-31 17:11:06,694 :INFO : test_VelidateSortedData :WebTable headers: ['NAME', 'NUMBER OF CASES', 'AVERAGE IMPACT SCORE', 'COMPLEXITY']
2021-08-31 17:11:06,694 :INFO : test_VelidateSortedData :get Sorted Column Index: 3
2021-08-31 17:11:06,695 :INFO : test_VelidateSortedData :get default data after sort for give column: [['Password attack', '32.85M', '5', 'low'], ['Phishing', '25.12M', '7.18', 'low'], ['XSS', '29850', '2.19', 'low'], ['SQL Injection', '1.25M', '10.21', 'medium'], ['Man in the Middle', '95k', '8.12', 'high'], ['Session hijack', '9024', '5.79', 'high']]
2021-08-31 17:11:06,783 :INFO : test_VelidateSortedData :WebTable Data after apply the selection from dropdown : [['XSS', '29850', '2.19', 'low'], ['Phishing', '25.12M', '7.18', 'low'], ['Password attack', '32.85M', '5', 'low'], ['SQL Injection', '1.25M', '10.21', 'medium'], ['Session hijack', '9024', '5.79', 'high'], ['Man in the Middle', '95k', '8.12', 'high']]
2021-08-31 17:14:25,868 :INFO : test_VelidateSortedData :Default webTable data without filter: [['Man in the Middle', '95k', '8.12', 'high'], ['Password attack', '32.85M', '5', 'low'], ['Phishing', '25.12M', '7.18', 'low'], ['Session hijack', '9024', '5.79', 'high'], ['SQL Injection', '1.25M', '10.21', 'medium'], ['XSS', '29850', '2.19', 'low']]
2021-08-31 17:14:25,868 :INFO : test_VelidateSortedData :selectColumn: Complexity
2021-08-31 17:14:26,007 :INFO : test_VelidateSortedData :WebTable headers: ['NAME', 'NUMBER OF CASES', 'AVERAGE IMPACT SCORE', 'COMPLEXITY']
2021-08-31 17:14:26,008 :INFO : test_VelidateSortedData :get Sorted Column Index: 3
2021-08-31 17:14:26,008 :INFO : test_VelidateSortedData :get default data after sort for give column: [['Password attack', '32.85M', '5', 'low'], ['Phishing', '25.12M', '7.18', 'low'], ['XSS', '29850', '2.19', 'low'], ['SQL Injection', '1.25M', '10.21', 'medium'], ['Man in the Middle', '95k', '8.12', 'high'], ['Session hijack', '9024', '5.79', 'high']]
2021-08-31 17:14:26,095 :INFO : test_VelidateSortedData :WebTable Data after apply the selection from dropdown : [['XSS', '29850', '2.19', 'low'], ['Phishing', '25.12M', '7.18', 'low'], ['Password attack', '32.85M', '5', 'low'], ['SQL Injection', '1.25M', '10.21', 'medium'], ['Session hijack', '9024', '5.79', 'high'], ['Man in the Middle', '95k', '8.12', 'high']]
2021-08-31 17:22:08,004 :INFO : test_VelidateSortedData :Default webTable data without filter: [['Man in the Middle', '95k', '8.12', 'high'], ['Password attack', '32.85M', '5', 'low'], ['Phishing', '25.12M', '7.18', 'low'], ['Session hijack', '9024', '5.79', 'high'], ['SQL Injection', '1.25M', '10.21', 'medium'], ['XSS', '29850', '2.19', 'low']]
2021-08-31 17:22:08,005 :INFO : test_VelidateSortedData :selectColumn: Complexity
2021-08-31 17:22:08,143 :INFO : test_VelidateSortedData :WebTable headers: ['NAME', 'NUMBER OF CASES', 'AVERAGE IMPACT SCORE', 'COMPLEXITY']
2021-08-31 17:22:08,143 :INFO : test_VelidateSortedData :get Sorted Column Index: 3
2021-08-31 17:22:08,144 :INFO : test_VelidateSortedData :get default data after sort for give column: [['Password attack', '32.85M', '5', 'low'], ['Phishing', '25.12M', '7.18', 'low'], ['XSS', '29850', '2.19', 'low'], ['SQL Injection', '1.25M', '10.21', 'medium'], ['Man in the Middle', '95k', '8.12', 'high'], ['Session hijack', '9024', '5.79', 'high']]
2021-08-31 17:22:08,230 :INFO : test_VelidateSortedData :WebTable Data after apply the selection from dropdown : [['XSS', '29850', '2.19', 'low'], ['Phishing', '25.12M', '7.18', 'low'], ['Password attack', '32.85M', '5', 'low'], ['SQL Injection', '1.25M', '10.21', 'medium'], ['Session hijack', '9024', '5.79', 'high'], ['Man in the Middle', '95k', '8.12', 'high']]
2021-08-31 17:22:55,031 :INFO : test_VelidateSortedData :Default webTable data without filter: [['Man in the Middle', '95k', '8.12', 'high'], ['Password attack', '32.85M', '5', 'low'], ['Phishing', '25.12M', '7.18', 'low'], ['Session hijack', '9024', '5.79', 'high'], ['SQL Injection', '1.25M', '10.21', 'medium'], ['XSS', '29850', '2.19', 'low']]
2021-08-31 17:22:55,031 :INFO : test_VelidateSortedData :selectColumn: Complexity
2021-08-31 17:22:55,164 :INFO : test_VelidateSortedData :WebTable headers: ['NAME', 'NUMBER OF CASES', 'AVERAGE IMPACT SCORE', 'COMPLEXITY']
2021-08-31 17:22:55,165 :INFO : test_VelidateSortedData :get Sorted Column Index: 3
2021-08-31 17:22:55,165 :INFO : test_VelidateSortedData :get default data after sort for give column: [['Password attack', '32.85M', '5', 'low'], ['Phishing', '25.12M', '7.18', 'low'], ['XSS', '29850', '2.19', 'low'], ['SQL Injection', '1.25M', '10.21', 'medium'], ['Man in the Middle', '95k', '8.12', 'high'], ['Session hijack', '9024', '5.79', 'high']]
2021-08-31 17:22:55,252 :INFO : test_VelidateSortedData :WebTable Data after apply the selection from dropdown : [['XSS', '29850', '2.19', 'low'], ['Phishing', '25.12M', '7.18', 'low'], ['Password attack', '32.85M', '5', 'low'], ['SQL Injection', '1.25M', '10.21', 'medium'], ['Session hijack', '9024', '5.79', 'high'], ['Man in the Middle', '95k', '8.12', 'high']]
2021-08-31 17:25:22,518 :INFO : test_VelidateSortedData :Default webTable data without filter: [['Man in the Middle', '95k', '8.12', 'high'], ['Password attack', '32.85M', '5', 'low'], ['Phishing', '25.12M', '7.18', 'low'], ['Session hijack', '9024', '5.79', 'high'], ['SQL Injection', '1.25M', '10.21', 'medium'], ['XSS', '29850', '2.19', 'low']]
2021-08-31 17:25:22,518 :INFO : test_VelidateSortedData :selectColumn: Complexity
2021-08-31 17:25:22,664 :INFO : test_VelidateSortedData :WebTable headers: ['NAME', 'NUMBER OF CASES', 'AVERAGE IMPACT SCORE', 'COMPLEXITY']
2021-08-31 17:25:22,665 :INFO : test_VelidateSortedData :get Sorted Column Index: 3
2021-08-31 17:25:22,665 :INFO : test_VelidateSortedData :get default data after sort for give column: [['Password attack', '32.85M', '5', 'low'], ['Phishing', '25.12M', '7.18', 'low'], ['XSS', '29850', '2.19', 'low'], ['SQL Injection', '1.25M', '10.21', 'medium'], ['Man in the Middle', '95k', '8.12', 'high'], ['Session hijack', '9024', '5.79', 'high']]
2021-08-31 17:25:22,754 :INFO : test_VelidateSortedData :WebTable Data after apply the selection from dropdown : [['XSS', '29850', '2.19', 'low'], ['Phishing', '25.12M', '7.18', 'low'], ['Password attack', '32.85M', '5', 'low'], ['SQL Injection', '1.25M', '10.21', 'medium'], ['Session hijack', '9024', '5.79', 'high'], ['Man in the Middle', '95k', '8.12', 'high']]
2021-08-31 17:31:26,604 :INFO : test_FilterHeaderText :Filter header text: Sort data
2021-08-31 17:31:26,668 :INFO : test_validateTableHeader :TableHeader found as expected: ['NAME', 'NUMBER OF CASES', 'AVERAGE IMPACT SCORE', 'COMPLEXITY']
2021-08-31 17:31:26,871 :INFO : test_DropdownEnabled :Dropdown enable Number of cases
2021-08-31 17:31:26,971 :INFO : test_validateDropdown :Dropdown list: ['Name', 'Number of cases', 'Impact score', 'Complexity']
2021-08-31 17:31:26,998 :INFO : test_selectColumnName :Select column for apply to sorting!
2021-08-31 17:31:27,075 :INFO : test_columnCheck :Element found.
2021-08-31 17:31:31,063 :INFO : test_VelidateSortedData :Default webTable data without filter: [['Man in the Middle', '95k', '8.12', 'high'], ['Password attack', '32.85M', '5', 'low'], ['Phishing', '25.12M', '7.18', 'low'], ['Session hijack', '9024', '5.79', 'high'], ['SQL Injection', '1.25M', '10.21', 'medium'], ['XSS', '29850', '2.19', 'low']]
2021-08-31 17:31:31,063 :INFO : test_VelidateSortedData :selectColumn: Complexity
2021-08-31 17:31:31,199 :INFO : test_VelidateSortedData :WebTable headers: ['NAME', 'NUMBER OF CASES', 'AVERAGE IMPACT SCORE', 'COMPLEXITY']
2021-08-31 17:31:31,200 :INFO : test_VelidateSortedData :get Sorted Column Index: 3
2021-08-31 17:31:31,200 :INFO : test_VelidateSortedData :get default data after sort for give column: [['Password attack', '32.85M', '5', 'low'], ['Phishing', '25.12M', '7.18', 'low'], ['XSS', '29850', '2.19', 'low'], ['SQL Injection', '1.25M', '10.21', 'medium'], ['Man in the Middle', '95k', '8.12', 'high'], ['Session hijack', '9024', '5.79', 'high']]
2021-08-31 17:31:31,279 :INFO : test_VelidateSortedData :WebTable Data after apply the selection from dropdown : [['XSS', '29850', '2.19', 'low'], ['Phishing', '25.12M', '7.18', 'low'], ['Password attack', '32.85M', '5', 'low'], ['SQL Injection', '1.25M', '10.21', 'medium'], ['Session hijack', '9024', '5.79', 'high'], ['Man in the Middle', '95k', '8.12', 'high']]
2021-08-31 17:31:35,780 :INFO : test_validateClearFlterTextBox :Textbox is alrady cleared.
2021-08-31 17:31:35,831 :INFO : test_validatePageText :Page text: Cyber attack completely fake statistics
2021-08-31 17:31:35,857 :INFO : test_validateHomeTitle :Page title: simplesite
2021-08-31 17:42:18,664 :INFO : test_FilterHeaderText :Filter header text: Sort data
2021-08-31 17:42:18,726 :INFO : test_validateTableHeader :TableHeader found as expected: ['NAME', 'NUMBER OF CASES', 'AVERAGE IMPACT SCORE', 'COMPLEXITY']
2021-08-31 17:42:19,115 :INFO : test_DropdownEnabled :Dropdown enable Number of cases
2021-08-31 17:42:19,215 :INFO : test_validateDropdown :Dropdown list: ['Name', 'Number of cases', 'Impact score', 'Complexity']
2021-08-31 17:42:19,241 :INFO : test_selectColumnName :Select column for apply to sorting!
2021-08-31 17:42:19,312 :INFO : test_columnCheck :Element found.
2021-08-31 17:42:25,674 :INFO : test_VelidateSortedData :Default webTable data without filter: [['Man in the Middle', '95k', '8.12', 'high'], ['Password attack', '32.85M', '5', 'low'], ['Phishing', '25.12M', '7.18', 'low'], ['Session hijack', '9024', '5.79', 'high'], ['SQL Injection', '1.25M', '10.21', 'medium'], ['XSS', '29850', '2.19', 'low']]
2021-08-31 17:42:25,674 :INFO : test_VelidateSortedData :selectColumn: Number of cases
2021-08-31 17:42:25,828 :INFO : test_VelidateSortedData :WebTable headers: ['NAME', 'NUMBER OF CASES', 'AVERAGE IMPACT SCORE', 'COMPLEXITY']
2021-08-31 17:42:25,828 :INFO : test_VelidateSortedData :get Sorted Column Index: 1
2021-08-31 17:42:25,828 :INFO : test_VelidateSortedData :get default data after sort for give column: [['Session hijack', 9024, '5.79', 'high'], ['XSS', 29850, '2.19', 'low'], ['Man in the Middle', 95000.0, '8.12', 'high'], ['SQL Injection', 1250000.0, '10.21', 'medium'], ['Phishing', 25120000.0, '7.18', 'low'], ['Password attack', 32850000.0, '5', 'low']]
2021-08-31 17:42:25,922 :INFO : test_VelidateSortedData :WebTable Data after apply the selection from dropdown : [['Session hijack', '9024', '5.79', 'high'], ['XSS', '29850', '2.19', 'low'], ['Man in the Middle', '95k', '8.12', 'high'], ['SQL Injection', '1.25M', '10.21', 'medium'], ['Phishing', '25.12M', '7.18', 'low'], ['Password attack', '32.85M', '5', 'low']]
2021-08-31 17:42:25,922 :INFO : test_VelidateSortedData :True
2021-08-31 17:42:25,922 :INFO : test_VelidateSortedData :WebTable Data After the Formatting for NUMBER OF CASES: [['Session hijack', 9024, '5.79', 'high'], ['XSS', 29850, '2.19', 'low'], ['Man in the Middle', 95000.0, '8.12', 'high'], ['SQL Injection', 1250000.0, '10.21', 'medium'], ['Phishing', 25120000.0, '7.18', 'low'], ['Password attack', 32850000.0, '5', 'low']]
2021-08-31 17:42:31,533 :INFO : test_validateClearFlterTextBox :Textbox is alrady cleared.
2021-08-31 17:42:31,589 :INFO : test_validatePageText :Page text: Cyber attack completely fake statistics
2021-08-31 17:42:31,614 :INFO : test_validateHomeTitle :Page title: simplesite
